#
# There is insufficient memory for the Java Runtime Environment to continue.
# Native memory allocation (malloc) failed to allocate 32784 bytes for Chunk::new
# Possible reasons:
#   The system is out of physical RAM or swap space
#   The process is running with CompressedOops enabled, and the Java Heap may be blocking the growth of the native heap
# Possible solutions:
#   Reduce memory load on the system
#   Increase physical memory or swap space
#   Check if swap backing store is full
#   Decrease Java heap size (-Xmx/-Xms)
#   Decrease number of Java threads
#   Decrease Java thread stack sizes (-Xss)
#   Set larger code cache with -XX:ReservedCodeCacheSize=
#   JVM is running with Unscaled Compressed Oops mode in which the Java heap is
#     placed in the first 4GB address space. The Java Heap base address is the
#     maximum limit for the native heap growth. Please use -XX:HeapBaseMinAddress
#     to set the Java Heap base and to place the Java Heap above 4GB virtual address.
# This output file may be truncated or incomplete.
#
#  Out of Memory Error (arena.cpp:189), pid=22952, tid=16832
#
# JRE version: Java(TM) SE Runtime Environment (17.0.12+8) (build 17.0.12+8-LTS-286)
# Java VM: Java HotSpot(TM) 64-Bit Server VM (17.0.12+8-LTS-286, mixed mode, sharing, tiered, compressed oops, compressed class ptrs, g1 gc, windows-amd64)
# No core dump will be written. Minidumps are not enabled by default on client versions of Windows
#

---------------  S U M M A R Y ------------

Command Line: -javaagent:C:\Program Files\JetBrains\IntelliJ IDEA Community Edition 2023.2\lib\idea_rt.jar=53512:C:\Program Files\JetBrains\IntelliJ IDEA Community Edition 2023.2\bin -Dfile.encoding=UTF-8 com.spring.jwt.JwtWithSpringSecurityApplication

Host: 11th Gen Intel(R) Core(TM) i5-11320H @ 3.20GHz, 8 cores, 7G,  Windows 11 , 64 bit Build 26100 (10.0.26100.5074)
Time: Mon Sep 15 17:01:50 2025 India Standard Time elapsed time: 198.606155 seconds (0d 0h 3m 18s)

---------------  T H R E A D  ---------------

Current thread (0x000001eef6405a60):  JavaThread "C2 CompilerThread0" daemon [_thread_in_native, id=16832, stack(0x0000000804f00000,0x0000000805000000)]


Current CompileTask:
C2: 198608 10688 %     4       java.util.AbstractCollection::containsAll @ 7 (38 bytes)

Stack: [0x0000000804f00000,0x0000000805000000]
Native frames: (J=compiled Java code, j=interpreted, Vv=VM code, C=native code)
V  [jvm.dll+0x67a04a]
V  [jvm.dll+0x7da4ed]
V  [jvm.dll+0x7dbe33]
V  [jvm.dll+0x7dc4a3]
V  [jvm.dll+0x24508f]
V  [jvm.dll+0xab773]
V  [jvm.dll+0xabd3c]
V  [jvm.dll+0xab884]
V  [jvm.dll+0x6d082c]
V  [jvm.dll+0x58bae7]
V  [jvm.dll+0x6fce1f]
V  [jvm.dll+0x6fbecc]
V  [jvm.dll+0x595f4a]
V  [jvm.dll+0x582693]
V  [jvm.dll+0x21f422]
V  [jvm.dll+0x21f81f]
V  [jvm.dll+0x218aa0]
V  [jvm.dll+0x215b65]
V  [jvm.dll+0x1a2960]
V  [jvm.dll+0x22610b]
V  [jvm.dll+0x2242ab]
V  [jvm.dll+0x79075c]
V  [jvm.dll+0x78abea]
V  [jvm.dll+0x678f35]
C  [ucrtbase.dll+0x37b0]
C  [KERNEL32.DLL+0x2e8d7]
C  [ntdll.dll+0x8d9c]


---------------  P R O C E S S  ---------------

Threads class SMR info:
_java_thread_list=0x000001eec27e4470, length=37, elements={
0x000001eef63e6400, 0x000001eef63e7ee0, 0x000001eef63fb310, 0x000001eef63fdbf0,
0x000001eef63fe4c0, 0x000001eef63fed90, 0x000001eef6405a60, 0x000001eef6870140,
0x000001eef64070b0, 0x000001eef69543f0, 0x000001eefb446100, 0x000001eefb4465e0,
0x000001eefdaf7060, 0x000001eefdaf89b0, 0x000001eec4f73a50, 0x000001eec4f702a0,
0x000001eec4f74470, 0x000001eec4f73f60, 0x000001eec4f74980, 0x000001eec4f70cc0,
0x000001eec4f71bf0, 0x000001eec4f711d0, 0x000001eec4f753a0, 0x000001eec4f74e90,
0x000001eec4f758b0, 0x000001eec4f72100, 0x000001eec4f75dc0, 0x000001eec4f77200,
0x000001eec4f762d0, 0x000001eec4f767e0, 0x000001eec4f76cf0, 0x000001eefdafa300,
0x000001eefdaf9df0, 0x000001eefdaf8ec0, 0x000001eec40fa2a0, 0x000001eec40facc0,
0x000001eec40f7510
}

Java Threads: ( => current thread )
  0x000001eef63e6400 JavaThread "Reference Handler" daemon [_thread_blocked, id=13728, stack(0x0000000804900000,0x0000000804a00000)]
  0x000001eef63e7ee0 JavaThread "Finalizer" daemon [_thread_blocked, id=12948, stack(0x0000000804a00000,0x0000000804b00000)]
  0x000001eef63fb310 JavaThread "Signal Dispatcher" daemon [_thread_blocked, id=16564, stack(0x0000000804b00000,0x0000000804c00000)]
  0x000001eef63fdbf0 JavaThread "Attach Listener" daemon [_thread_blocked, id=18140, stack(0x0000000804c00000,0x0000000804d00000)]
  0x000001eef63fe4c0 JavaThread "Service Thread" daemon [_thread_blocked, id=4968, stack(0x0000000804d00000,0x0000000804e00000)]
  0x000001eef63fed90 JavaThread "Monitor Deflation Thread" daemon [_thread_blocked, id=20484, stack(0x0000000804e00000,0x0000000804f00000)]
=>0x000001eef6405a60 JavaThread "C2 CompilerThread0" daemon [_thread_in_native, id=16832, stack(0x0000000804f00000,0x0000000805000000)]
  0x000001eef6870140 JavaThread "C1 CompilerThread0" daemon [_thread_blocked, id=15176, stack(0x0000000805000000,0x0000000805100000)]
  0x000001eef64070b0 JavaThread "Sweeper thread" daemon [_thread_blocked, id=16732, stack(0x0000000805100000,0x0000000805200000)]
  0x000001eef69543f0 JavaThread "Common-Cleaner" daemon [_thread_blocked, id=23540, stack(0x0000000805200000,0x0000000805300000)]
  0x000001eefb446100 JavaThread "Monitor Ctrl-Break" daemon [_thread_in_native, id=20284, stack(0x0000000805400000,0x0000000805500000)]
  0x000001eefb4465e0 JavaThread "Notification Thread" daemon [_thread_blocked, id=23576, stack(0x0000000805500000,0x0000000805600000)]
  0x000001eefdaf7060 JavaThread "mysql-cj-abandoned-connection-cleanup" daemon [_thread_blocked, id=7448, stack(0x0000000806300000,0x0000000806400000)]
  0x000001eefdaf89b0 JavaThread "HikariPool-1 housekeeper" daemon [_thread_blocked, id=18348, stack(0x0000000806600000,0x0000000806700000)]
  0x000001eec4f73a50 JavaThread "Catalina-utility-1" [_thread_blocked, id=2448, stack(0x0000000806800000,0x0000000806900000)]
  0x000001eec4f702a0 JavaThread "Catalina-utility-2" [_thread_blocked, id=12740, stack(0x0000000806900000,0x0000000806a00000)]
  0x000001eec4f74470 JavaThread "container-0" [_thread_blocked, id=5028, stack(0x0000000806a00000,0x0000000806b00000)]
  0x000001eec4f73f60 JavaThread "File Watcher" daemon [_thread_blocked, id=15648, stack(0x0000000806700000,0x0000000806800000)]
  0x000001eec4f74980 JavaThread "Live Reload Server" daemon [_thread_in_native, id=15696, stack(0x0000000806c00000,0x0000000806d00000)]
  0x000001eec4f70cc0 JavaThread "http-nio-8087-exec-1" daemon [_thread_blocked, id=8616, stack(0x0000000806b00000,0x0000000806c00000)]
  0x000001eec4f71bf0 JavaThread "http-nio-8087-exec-2" daemon [_thread_blocked, id=15900, stack(0x0000000806d00000,0x0000000806e00000)]
  0x000001eec4f711d0 JavaThread "http-nio-8087-exec-3" daemon [_thread_blocked, id=13696, stack(0x0000000806e00000,0x0000000806f00000)]
  0x000001eec4f753a0 JavaThread "http-nio-8087-exec-4" daemon [_thread_blocked, id=9736, stack(0x0000000806f00000,0x0000000807000000)]
  0x000001eec4f74e90 JavaThread "http-nio-8087-exec-5" daemon [_thread_blocked, id=11700, stack(0x0000000807000000,0x0000000807100000)]
  0x000001eec4f758b0 JavaThread "http-nio-8087-exec-6" daemon [_thread_blocked, id=15820, stack(0x0000000807100000,0x0000000807200000)]
  0x000001eec4f72100 JavaThread "http-nio-8087-exec-7" daemon [_thread_blocked, id=5476, stack(0x0000000807200000,0x0000000807300000)]
  0x000001eec4f75dc0 JavaThread "http-nio-8087-exec-8" daemon [_thread_blocked, id=10200, stack(0x0000000807300000,0x0000000807400000)]
  0x000001eec4f77200 JavaThread "http-nio-8087-exec-9" daemon [_thread_blocked, id=16860, stack(0x0000000807400000,0x0000000807500000)]
  0x000001eec4f762d0 JavaThread "http-nio-8087-exec-10" daemon [_thread_blocked, id=4876, stack(0x0000000807500000,0x0000000807600000)]
  0x000001eec4f767e0 JavaThread "http-nio-8087-Poller" daemon [_thread_in_native, id=14556, stack(0x0000000807600000,0x0000000807700000)]
  0x000001eec4f76cf0 JavaThread "http-nio-8087-Acceptor" daemon [_thread_in_native, id=2844, stack(0x0000000807700000,0x0000000807800000)]
  0x000001eefdafa300 JavaThread "dynamic-scheduler-1" [_thread_blocked, id=5316, stack(0x0000000807800000,0x0000000807900000)]
  0x000001eefdaf9df0 JavaThread "dynamic-scheduler-2" [_thread_blocked, id=3068, stack(0x0000000807900000,0x0000000807a00000)]
  0x000001eefdaf8ec0 JavaThread "dynamic-scheduler-3" [_thread_blocked, id=12772, stack(0x0000000807a00000,0x0000000807b00000)]
  0x000001eec40fa2a0 JavaThread "dynamic-scheduler-5" [_thread_blocked, id=21708, stack(0x0000000807b00000,0x0000000807c00000)]
  0x000001eec40facc0 JavaThread "dynamic-scheduler-4" [_thread_blocked, id=2256, stack(0x0000000807c00000,0x0000000807d00000)]
  0x000001eec40f7510 JavaThread "DestroyJavaVM" [_thread_blocked, id=24132, stack(0x0000000804200000,0x0000000804300000)]

Other Threads:
  0x000001eef63e2a50 VMThread "VM Thread" [stack: 0x0000000804800000,0x0000000804900000] [id=2904]
  0x000001eed67244f0 WatcherThread [stack: 0x0000000805600000,0x0000000805700000] [id=7604]
  0x000001eed6700210 GCTaskThread "GC Thread#0" [stack: 0x0000000804300000,0x0000000804400000] [id=22908]
  0x000001eefb451560 GCTaskThread "GC Thread#1" [stack: 0x0000000805800000,0x0000000805900000] [id=13012]
  0x000001eefbbec910 GCTaskThread "GC Thread#2" [stack: 0x0000000805900000,0x0000000805a00000] [id=16512]
  0x000001eefb858b60 GCTaskThread "GC Thread#3" [stack: 0x0000000805a00000,0x0000000805b00000] [id=1384]
  0x000001eefb960e80 GCTaskThread "GC Thread#4" [stack: 0x0000000805b00000,0x0000000805c00000] [id=8780]
  0x000001eefba37f50 GCTaskThread "GC Thread#5" [stack: 0x0000000805e00000,0x0000000805f00000] [id=13328]
  0x000001eefcbb5cd0 GCTaskThread "GC Thread#6" [stack: 0x0000000805f00000,0x0000000806000000] [id=8156]
  0x000001eefbc29ca0 GCTaskThread "GC Thread#7" [stack: 0x0000000806000000,0x0000000806100000] [id=9672]
  0x000001eed6710b10 ConcurrentGCThread "G1 Main Marker" [stack: 0x0000000804400000,0x0000000804500000] [id=21240]
  0x000001eed6713e60 ConcurrentGCThread "G1 Conc#0" [stack: 0x0000000804500000,0x0000000804600000] [id=20020]
  0x000001eefd396960 ConcurrentGCThread "G1 Conc#1" [stack: 0x0000000806400000,0x0000000806500000] [id=10208]
  0x000001eef62a6cf0 ConcurrentGCThread "G1 Refine#0" [stack: 0x0000000804600000,0x0000000804700000] [id=13128]
  0x000001eefb96c800 ConcurrentGCThread "G1 Refine#1" [stack: 0x0000000805c00000,0x0000000805d00000] [id=24144]
  0x000001eefb83aed0 ConcurrentGCThread "G1 Refine#2" [stack: 0x0000000805d00000,0x0000000805e00000] [id=12036]
  0x000001eed6757530 ConcurrentGCThread "G1 Service" [stack: 0x0000000804700000,0x0000000804800000] [id=14612]

Threads with active compile tasks:
C2 CompilerThread0   198632 10688 %     4       java.util.AbstractCollection::containsAll @ 7 (38 bytes)

VM state: not at safepoint (normal execution)

VM Mutex/Monitor currently owned by a thread: None

Heap address: 0x0000000083600000, size: 1994 MB, Compressed Oops mode: 32-bit

CDS archive(s) mapped at: [0x000001ee80000000-0x000001ee80bd0000-0x000001ee80bd0000), size 12386304, SharedBaseAddress: 0x000001ee80000000, ArchiveRelocationMode: 1.
Compressed class space mapped at: 0x000001ee81000000-0x000001eec1000000, reserved size: 1073741824
Narrow klass base: 0x000001ee80000000, Narrow klass shift: 0, Narrow klass range: 0x100000000

GC Precious Log:
 CPUs: 8 total, 8 available
 Memory: 7975M
 Large Page Support: Disabled
 NUMA Support: Disabled
 Compressed Oops: Enabled (32-bit)
 Heap Region Size: 1M
 Heap Min Capacity: 8M
 Heap Initial Capacity: 126M
 Heap Max Capacity: 1994M
 Pre-touch: Disabled
 Parallel Workers: 8
 Concurrent Workers: 2
 Concurrent Refinement Workers: 8
 Periodic GC: Disabled

Heap:
 garbage-first heap   total 199680K, used 159214K [0x0000000083600000, 0x0000000100000000)
  region size 1024K, 94 young (96256K), 11 survivors (11264K)
 Metaspace       used 93968K, committed 94656K, reserved 1179648K
  class space    used 12846K, committed 13184K, reserved 1048576K

Heap Regions: E=young(eden), S=young(survivor), O=old, HS=humongous(starts), HC=humongous(continues), CS=collection set, F=free, OA=open archive, CA=closed archive, TAMS=top-at-mark-start (previous, next)
|   0|0x0000000083600000, 0x0000000083700000, 0x0000000083700000|100%|HS|  |TAMS 0x0000000083700000, 0x0000000083600000| Complete 
|   1|0x0000000083700000, 0x0000000083800000, 0x0000000083800000|100%|HS|  |TAMS 0x0000000083800000, 0x0000000083700000| Complete 
|   2|0x0000000083800000, 0x0000000083900000, 0x0000000083900000|100%| O|  |TAMS 0x0000000083900000, 0x0000000083800000| Untracked 
|   3|0x0000000083900000, 0x0000000083a00000, 0x0000000083a00000|100%| O|  |TAMS 0x0000000083a00000, 0x0000000083900000| Untracked 
|   4|0x0000000083a00000, 0x0000000083b00000, 0x0000000083b00000|100%| O|  |TAMS 0x0000000083b00000, 0x0000000083a00000| Untracked 
|   5|0x0000000083b00000, 0x0000000083c00000, 0x0000000083c00000|100%| O|  |TAMS 0x0000000083c00000, 0x0000000083b00000| Untracked 
|   6|0x0000000083c00000, 0x0000000083d00000, 0x0000000083d00000|100%| O|  |TAMS 0x0000000083d00000, 0x0000000083c00000| Untracked 
|   7|0x0000000083d00000, 0x0000000083e00000, 0x0000000083e00000|100%| O|  |TAMS 0x0000000083e00000, 0x0000000083d00000| Untracked 
|   8|0x0000000083e00000, 0x0000000083f00000, 0x0000000083f00000|100%| O|  |TAMS 0x0000000083f00000, 0x0000000083e00000| Untracked 
|   9|0x0000000083f00000, 0x0000000084000000, 0x0000000084000000|100%| O|  |TAMS 0x0000000084000000, 0x0000000083f00000| Untracked 
|  10|0x0000000084000000, 0x0000000084100000, 0x0000000084100000|100%| O|  |TAMS 0x0000000084100000, 0x0000000084000000| Untracked 
|  11|0x0000000084100000, 0x0000000084200000, 0x0000000084200000|100%| O|  |TAMS 0x0000000084200000, 0x0000000084100000| Untracked 
|  12|0x0000000084200000, 0x0000000084300000, 0x0000000084300000|100%| O|  |TAMS 0x0000000084300000, 0x0000000084200000| Untracked 
|  13|0x0000000084300000, 0x0000000084400000, 0x0000000084400000|100%| O|  |TAMS 0x0000000084400000, 0x0000000084300000| Untracked 
|  14|0x0000000084400000, 0x0000000084500000, 0x0000000084500000|100%| O|  |TAMS 0x0000000084500000, 0x0000000084400000| Untracked 
|  15|0x0000000084500000, 0x0000000084600000, 0x0000000084600000|100%| O|  |TAMS 0x0000000084600000, 0x0000000084500000| Untracked 
|  16|0x0000000084600000, 0x0000000084700000, 0x0000000084700000|100%| O|  |TAMS 0x0000000084700000, 0x0000000084600000| Untracked 
|  17|0x0000000084700000, 0x0000000084800000, 0x0000000084800000|100%| O|  |TAMS 0x0000000084800000, 0x0000000084700000| Untracked 
|  18|0x0000000084800000, 0x0000000084900000, 0x0000000084900000|100%| O|  |TAMS 0x0000000084900000, 0x0000000084800000| Untracked 
|  19|0x0000000084900000, 0x0000000084a00000, 0x0000000084a00000|100%| O|  |TAMS 0x0000000084a00000, 0x0000000084900000| Untracked 
|  20|0x0000000084a00000, 0x0000000084b00000, 0x0000000084b00000|100%| O|  |TAMS 0x0000000084b00000, 0x0000000084a00000| Untracked 
|  21|0x0000000084b00000, 0x0000000084c00000, 0x0000000084c00000|100%| O|  |TAMS 0x0000000084c00000, 0x0000000084b00000| Untracked 
|  22|0x0000000084c00000, 0x0000000084d00000, 0x0000000084d00000|100%| O|  |TAMS 0x0000000084d00000, 0x0000000084c00000| Untracked 
|  23|0x0000000084d00000, 0x0000000084e00000, 0x0000000084e00000|100%| O|  |TAMS 0x0000000084d00000, 0x0000000084d00000| Untracked 
|  24|0x0000000084e00000, 0x0000000084f00000, 0x0000000084f00000|100%| O|  |TAMS 0x0000000084f00000, 0x0000000084e00000| Untracked 
|  25|0x0000000084f00000, 0x0000000085000000, 0x0000000085000000|100%| O|  |TAMS 0x0000000085000000, 0x0000000084f00000| Untracked 
|  26|0x0000000085000000, 0x0000000085100000, 0x0000000085100000|100%| O|  |TAMS 0x0000000085100000, 0x0000000085000000| Untracked 
|  27|0x0000000085100000, 0x0000000085200000, 0x0000000085200000|100%| O|  |TAMS 0x0000000085200000, 0x0000000085100000| Untracked 
|  28|0x0000000085200000, 0x0000000085300000, 0x0000000085300000|100%| O|  |TAMS 0x0000000085300000, 0x0000000085200000| Untracked 
|  29|0x0000000085300000, 0x0000000085400000, 0x0000000085400000|100%| O|  |TAMS 0x0000000085400000, 0x0000000085300000| Untracked 
|  30|0x0000000085400000, 0x0000000085500000, 0x0000000085500000|100%| O|  |TAMS 0x0000000085500000, 0x0000000085400000| Untracked 
|  31|0x0000000085500000, 0x0000000085600000, 0x0000000085600000|100%| O|  |TAMS 0x0000000085600000, 0x0000000085500000| Untracked 
|  32|0x0000000085600000, 0x0000000085700000, 0x0000000085700000|100%| O|  |TAMS 0x0000000085700000, 0x0000000085600000| Untracked 
|  33|0x0000000085700000, 0x0000000085800000, 0x0000000085800000|100%| O|  |TAMS 0x0000000085800000, 0x0000000085700000| Untracked 
|  34|0x0000000085800000, 0x0000000085900000, 0x0000000085900000|100%| O|  |TAMS 0x0000000085900000, 0x0000000085800000| Untracked 
|  35|0x0000000085900000, 0x0000000085a00000, 0x0000000085a00000|100%| O|  |TAMS 0x0000000085a00000, 0x0000000085900000| Untracked 
|  36|0x0000000085a00000, 0x0000000085b00000, 0x0000000085b00000|100%| O|  |TAMS 0x0000000085b00000, 0x0000000085a00000| Untracked 
|  37|0x0000000085b00000, 0x0000000085c00000, 0x0000000085c00000|100%| O|  |TAMS 0x0000000085c00000, 0x0000000085b00000| Untracked 
|  38|0x0000000085c00000, 0x0000000085d00000, 0x0000000085d00000|100%| O|  |TAMS 0x0000000085d00000, 0x0000000085c00000| Untracked 
|  39|0x0000000085d00000, 0x0000000085e00000, 0x0000000085e00000|100%| O|  |TAMS 0x0000000085e00000, 0x0000000085d00000| Untracked 
|  40|0x0000000085e00000, 0x0000000085f00000, 0x0000000085f00000|100%| O|  |TAMS 0x0000000085f00000, 0x0000000085e00000| Untracked 
|  41|0x0000000085f00000, 0x0000000086000000, 0x0000000086000000|100%| O|  |TAMS 0x0000000086000000, 0x0000000085f00000| Untracked 
|  42|0x0000000086000000, 0x0000000086100000, 0x0000000086100000|100%| O|  |TAMS 0x0000000086064c00, 0x0000000086000000| Untracked 
|  43|0x0000000086100000, 0x0000000086200000, 0x0000000086200000|100%| O|  |TAMS 0x0000000086100000, 0x0000000086100000| Untracked 
|  44|0x0000000086200000, 0x0000000086300000, 0x0000000086300000|100%| O|  |TAMS 0x0000000086200000, 0x0000000086200000| Untracked 
|  45|0x0000000086300000, 0x0000000086400000, 0x0000000086400000|100%| O|  |TAMS 0x0000000086300000, 0x0000000086300000| Untracked 
|  46|0x0000000086400000, 0x0000000086500000, 0x0000000086500000|100%| O|  |TAMS 0x0000000086400000, 0x0000000086400000| Untracked 
|  47|0x0000000086500000, 0x0000000086600000, 0x0000000086600000|100%| O|  |TAMS 0x0000000086500000, 0x0000000086500000| Untracked 
|  48|0x0000000086600000, 0x0000000086700000, 0x0000000086700000|100%| O|  |TAMS 0x0000000086600000, 0x0000000086600000| Untracked 
|  49|0x0000000086700000, 0x0000000086800000, 0x0000000086800000|100%| O|  |TAMS 0x0000000086700000, 0x0000000086700000| Untracked 
|  50|0x0000000086800000, 0x0000000086900000, 0x0000000086900000|100%| O|  |TAMS 0x0000000086800000, 0x0000000086800000| Untracked 
|  51|0x0000000086900000, 0x0000000086a00000, 0x0000000086a00000|100%| O|  |TAMS 0x0000000086900000, 0x0000000086900000| Untracked 
|  52|0x0000000086a00000, 0x0000000086b00000, 0x0000000086b00000|100%| O|  |TAMS 0x0000000086a00000, 0x0000000086a00000| Untracked 
|  53|0x0000000086b00000, 0x0000000086c00000, 0x0000000086c00000|100%| O|  |TAMS 0x0000000086b00000, 0x0000000086b00000| Untracked 
|  54|0x0000000086c00000, 0x0000000086d00000, 0x0000000086d00000|100%| O|  |TAMS 0x0000000086c00000, 0x0000000086c00000| Untracked 
|  55|0x0000000086d00000, 0x0000000086e00000, 0x0000000086e00000|100%| O|  |TAMS 0x0000000086d00000, 0x0000000086d00000| Untracked 
|  56|0x0000000086e00000, 0x0000000086f00000, 0x0000000086f00000|100%| O|  |TAMS 0x0000000086e00000, 0x0000000086e00000| Untracked 
|  57|0x0000000086f00000, 0x0000000087000000, 0x0000000087000000|100%| O|  |TAMS 0x0000000086f00000, 0x0000000086f00000| Untracked 
|  58|0x0000000087000000, 0x0000000087100000, 0x0000000087100000|100%| O|  |TAMS 0x0000000087000000, 0x0000000087000000| Untracked 
|  59|0x0000000087100000, 0x0000000087200000, 0x0000000087200000|100%| O|  |TAMS 0x0000000087100000, 0x0000000087100000| Untracked 
|  60|0x0000000087200000, 0x0000000087300000, 0x0000000087300000|100%| O|  |TAMS 0x0000000087200000, 0x0000000087200000| Untracked 
|  61|0x0000000087300000, 0x0000000087400000, 0x0000000087400000|100%| O|  |TAMS 0x0000000087300000, 0x0000000087300000| Untracked 
|  62|0x0000000087400000, 0x0000000087500000, 0x0000000087500000|100%| O|  |TAMS 0x0000000087400000, 0x0000000087400000| Untracked 
|  63|0x0000000087500000, 0x0000000087547200, 0x0000000087600000| 27%| O|  |TAMS 0x0000000087500000, 0x0000000087500000| Untracked 
|  64|0x0000000087600000, 0x0000000087600000, 0x0000000087700000|  0%| F|  |TAMS 0x0000000087600000, 0x0000000087600000| Untracked 
|  65|0x0000000087700000, 0x0000000087700000, 0x0000000087800000|  0%| F|  |TAMS 0x0000000087700000, 0x0000000087700000| Untracked 
|  66|0x0000000087800000, 0x0000000087800000, 0x0000000087900000|  0%| F|  |TAMS 0x0000000087800000, 0x0000000087800000| Untracked 
|  67|0x0000000087900000, 0x0000000087900000, 0x0000000087a00000|  0%| F|  |TAMS 0x0000000087900000, 0x0000000087900000| Untracked 
|  68|0x0000000087a00000, 0x0000000087a00000, 0x0000000087b00000|  0%| F|  |TAMS 0x0000000087a00000, 0x0000000087a00000| Untracked 
|  69|0x0000000087b00000, 0x0000000087b00000, 0x0000000087c00000|  0%| F|  |TAMS 0x0000000087b00000, 0x0000000087b00000| Untracked 
|  70|0x0000000087c00000, 0x0000000087c00000, 0x0000000087d00000|  0%| F|  |TAMS 0x0000000087c00000, 0x0000000087c00000| Untracked 
|  71|0x0000000087d00000, 0x0000000087d00000, 0x0000000087e00000|  0%| F|  |TAMS 0x0000000087d00000, 0x0000000087d00000| Untracked 
|  72|0x0000000087e00000, 0x0000000087e00000, 0x0000000087f00000|  0%| F|  |TAMS 0x0000000087e00000, 0x0000000087e00000| Untracked 
|  73|0x0000000087f00000, 0x0000000087f00000, 0x0000000088000000|  0%| F|  |TAMS 0x0000000087f00000, 0x0000000087f00000| Untracked 
|  74|0x0000000088000000, 0x0000000088000000, 0x0000000088100000|  0%| F|  |TAMS 0x0000000088000000, 0x0000000088000000| Untracked 
|  75|0x0000000088100000, 0x0000000088100000, 0x0000000088200000|  0%| F|  |TAMS 0x0000000088100000, 0x0000000088100000| Untracked 
|  76|0x0000000088200000, 0x0000000088200000, 0x0000000088300000|  0%| F|  |TAMS 0x0000000088200000, 0x0000000088200000| Untracked 
|  77|0x0000000088300000, 0x0000000088300000, 0x0000000088400000|  0%| F|  |TAMS 0x0000000088300000, 0x0000000088300000| Untracked 
|  78|0x0000000088400000, 0x0000000088400000, 0x0000000088500000|  0%| F|  |TAMS 0x0000000088400000, 0x0000000088400000| Untracked 
|  79|0x0000000088500000, 0x0000000088500000, 0x0000000088600000|  0%| F|  |TAMS 0x0000000088500000, 0x0000000088500000| Untracked 
|  80|0x0000000088600000, 0x0000000088600000, 0x0000000088700000|  0%| F|  |TAMS 0x0000000088600000, 0x0000000088600000| Untracked 
|  81|0x0000000088700000, 0x0000000088734900, 0x0000000088800000| 20%| S|CS|TAMS 0x0000000088700000, 0x0000000088700000| Complete 
|  82|0x0000000088800000, 0x0000000088900000, 0x0000000088900000|100%| S|CS|TAMS 0x0000000088800000, 0x0000000088800000| Complete 
|  83|0x0000000088900000, 0x0000000088a00000, 0x0000000088a00000|100%| S|CS|TAMS 0x0000000088900000, 0x0000000088900000| Complete 
|  84|0x0000000088a00000, 0x0000000088a00000, 0x0000000088b00000|  0%| F|  |TAMS 0x0000000088a00000, 0x0000000088a00000| Untracked 
|  85|0x0000000088b00000, 0x0000000088c00000, 0x0000000088c00000|100%| S|CS|TAMS 0x0000000088b00000, 0x0000000088b00000| Complete 
|  86|0x0000000088c00000, 0x0000000088d00000, 0x0000000088d00000|100%| S|CS|TAMS 0x0000000088c00000, 0x0000000088c00000| Complete 
|  87|0x0000000088d00000, 0x0000000088e00000, 0x0000000088e00000|100%| S|CS|TAMS 0x0000000088d00000, 0x0000000088d00000| Complete 
|  88|0x0000000088e00000, 0x0000000088e00000, 0x0000000088f00000|  0%| F|  |TAMS 0x0000000088e00000, 0x0000000088e00000| Untracked 
|  89|0x0000000088f00000, 0x0000000088f00000, 0x0000000089000000|  0%| F|  |TAMS 0x0000000088f00000, 0x0000000088f00000| Untracked 
|  90|0x0000000089000000, 0x0000000089000000, 0x0000000089100000|  0%| F|  |TAMS 0x0000000089000000, 0x0000000089000000| Untracked 
|  91|0x0000000089100000, 0x0000000089200000, 0x0000000089200000|100%| S|CS|TAMS 0x0000000089100000, 0x0000000089100000| Complete 
|  92|0x0000000089200000, 0x0000000089200000, 0x0000000089300000|  0%| F|  |TAMS 0x0000000089200000, 0x0000000089200000| Untracked 
|  93|0x0000000089300000, 0x0000000089300000, 0x0000000089400000|  0%| F|  |TAMS 0x0000000089300000, 0x0000000089300000| Untracked 
|  94|0x0000000089400000, 0x0000000089400000, 0x0000000089500000|  0%| F|  |TAMS 0x0000000089400000, 0x0000000089400000| Untracked 
|  95|0x0000000089500000, 0x0000000089500000, 0x0000000089600000|  0%| F|  |TAMS 0x0000000089500000, 0x0000000089500000| Untracked 
|  96|0x0000000089600000, 0x0000000089600000, 0x0000000089700000|  0%| F|  |TAMS 0x0000000089600000, 0x0000000089600000| Untracked 
|  97|0x0000000089700000, 0x0000000089800000, 0x0000000089800000|100%| S|CS|TAMS 0x0000000089700000, 0x0000000089700000| Complete 
|  98|0x0000000089800000, 0x0000000089900000, 0x0000000089900000|100%| S|CS|TAMS 0x0000000089800000, 0x0000000089800000| Complete 
|  99|0x0000000089900000, 0x0000000089a00000, 0x0000000089a00000|100%| S|CS|TAMS 0x0000000089900000, 0x0000000089900000| Complete 
| 100|0x0000000089a00000, 0x0000000089b00000, 0x0000000089b00000|100%| S|CS|TAMS 0x0000000089a00000, 0x0000000089a00000| Complete 
| 101|0x0000000089b00000, 0x0000000089b00000, 0x0000000089c00000|  0%| F|  |TAMS 0x0000000089b00000, 0x0000000089b00000| Untracked 
| 102|0x0000000089c00000, 0x0000000089c00000, 0x0000000089d00000|  0%| F|  |TAMS 0x0000000089c00000, 0x0000000089c00000| Untracked 
| 103|0x0000000089d00000, 0x0000000089d00000, 0x0000000089e00000|  0%| F|  |TAMS 0x0000000089d00000, 0x0000000089d00000| Untracked 
| 104|0x0000000089e00000, 0x0000000089e00000, 0x0000000089f00000|  0%| F|  |TAMS 0x0000000089e00000, 0x0000000089e00000| Untracked 
| 105|0x0000000089f00000, 0x0000000089f00000, 0x000000008a000000|  0%| F|  |TAMS 0x0000000089f00000, 0x0000000089f00000| Untracked 
| 106|0x000000008a000000, 0x000000008a000000, 0x000000008a100000|  0%| F|  |TAMS 0x000000008a000000, 0x000000008a000000| Untracked 
| 107|0x000000008a100000, 0x000000008a100000, 0x000000008a200000|  0%| F|  |TAMS 0x000000008a100000, 0x000000008a100000| Untracked 
| 108|0x000000008a200000, 0x000000008a200000, 0x000000008a300000|  0%| F|  |TAMS 0x000000008a200000, 0x000000008a200000| Untracked 
| 109|0x000000008a300000, 0x000000008a300000, 0x000000008a400000|  0%| F|  |TAMS 0x000000008a300000, 0x000000008a300000| Untracked 
| 110|0x000000008a400000, 0x000000008a400000, 0x000000008a500000|  0%| F|  |TAMS 0x000000008a400000, 0x000000008a400000| Untracked 
| 111|0x000000008a500000, 0x000000008a500000, 0x000000008a600000|  0%| F|  |TAMS 0x000000008a500000, 0x000000008a500000| Untracked 
| 112|0x000000008a600000, 0x000000008a680800, 0x000000008a700000| 50%| E|  |TAMS 0x000000008a600000, 0x000000008a600000| Complete 
| 113|0x000000008a700000, 0x000000008a800000, 0x000000008a800000|100%| E|CS|TAMS 0x000000008a700000, 0x000000008a700000| Complete 
| 114|0x000000008a800000, 0x000000008a900000, 0x000000008a900000|100%| E|CS|TAMS 0x000000008a800000, 0x000000008a800000| Complete 
| 115|0x000000008a900000, 0x000000008aa00000, 0x000000008aa00000|100%| E|CS|TAMS 0x000000008a900000, 0x000000008a900000| Complete 
| 116|0x000000008aa00000, 0x000000008ab00000, 0x000000008ab00000|100%| E|CS|TAMS 0x000000008aa00000, 0x000000008aa00000| Complete 
| 117|0x000000008ab00000, 0x000000008ac00000, 0x000000008ac00000|100%| E|CS|TAMS 0x000000008ab00000, 0x000000008ab00000| Complete 
| 118|0x000000008ac00000, 0x000000008ad00000, 0x000000008ad00000|100%| E|CS|TAMS 0x000000008ac00000, 0x000000008ac00000| Complete 
| 119|0x000000008ad00000, 0x000000008ae00000, 0x000000008ae00000|100%| E|CS|TAMS 0x000000008ad00000, 0x000000008ad00000| Complete 
| 120|0x000000008ae00000, 0x000000008af00000, 0x000000008af00000|100%| E|CS|TAMS 0x000000008ae00000, 0x000000008ae00000| Complete 
| 121|0x000000008af00000, 0x000000008b000000, 0x000000008b000000|100%| E|CS|TAMS 0x000000008af00000, 0x000000008af00000| Complete 
| 122|0x000000008b000000, 0x000000008b100000, 0x000000008b100000|100%| E|CS|TAMS 0x000000008b000000, 0x000000008b000000| Complete 
| 123|0x000000008b100000, 0x000000008b200000, 0x000000008b200000|100%| E|CS|TAMS 0x000000008b100000, 0x000000008b100000| Complete 
| 124|0x000000008b200000, 0x000000008b300000, 0x000000008b300000|100%| E|CS|TAMS 0x000000008b200000, 0x000000008b200000| Complete 
| 125|0x000000008b300000, 0x000000008b400000, 0x000000008b400000|100%| E|CS|TAMS 0x000000008b300000, 0x000000008b300000| Complete 
| 126|0x000000008b400000, 0x000000008b500000, 0x000000008b500000|100%| E|CS|TAMS 0x000000008b400000, 0x000000008b400000| Complete 
| 127|0x000000008b500000, 0x000000008b600000, 0x000000008b600000|100%| E|CS|TAMS 0x000000008b500000, 0x000000008b500000| Complete 
| 128|0x000000008b600000, 0x000000008b700000, 0x000000008b700000|100%| E|CS|TAMS 0x000000008b600000, 0x000000008b600000| Complete 
| 129|0x000000008b700000, 0x000000008b800000, 0x000000008b800000|100%| E|CS|TAMS 0x000000008b700000, 0x000000008b700000| Complete 
| 130|0x000000008b800000, 0x000000008b900000, 0x000000008b900000|100%| E|CS|TAMS 0x000000008b800000, 0x000000008b800000| Complete 
| 131|0x000000008b900000, 0x000000008ba00000, 0x000000008ba00000|100%| E|CS|TAMS 0x000000008b900000, 0x000000008b900000| Complete 
| 132|0x000000008ba00000, 0x000000008bb00000, 0x000000008bb00000|100%| E|CS|TAMS 0x000000008ba00000, 0x000000008ba00000| Complete 
| 133|0x000000008bb00000, 0x000000008bc00000, 0x000000008bc00000|100%| E|CS|TAMS 0x000000008bb00000, 0x000000008bb00000| Complete 
| 134|0x000000008bc00000, 0x000000008bd00000, 0x000000008bd00000|100%| E|CS|TAMS 0x000000008bc00000, 0x000000008bc00000| Complete 
| 135|0x000000008bd00000, 0x000000008be00000, 0x000000008be00000|100%| E|CS|TAMS 0x000000008bd00000, 0x000000008bd00000| Complete 
| 136|0x000000008be00000, 0x000000008bf00000, 0x000000008bf00000|100%| E|CS|TAMS 0x000000008be00000, 0x000000008be00000| Complete 
| 137|0x000000008bf00000, 0x000000008c000000, 0x000000008c000000|100%| E|CS|TAMS 0x000000008bf00000, 0x000000008bf00000| Complete 
| 138|0x000000008c000000, 0x000000008c100000, 0x000000008c100000|100%| E|CS|TAMS 0x000000008c000000, 0x000000008c000000| Complete 
| 139|0x000000008c100000, 0x000000008c200000, 0x000000008c200000|100%| E|CS|TAMS 0x000000008c100000, 0x000000008c100000| Complete 
| 140|0x000000008c200000, 0x000000008c300000, 0x000000008c300000|100%| E|CS|TAMS 0x000000008c200000, 0x000000008c200000| Complete 
| 141|0x000000008c300000, 0x000000008c400000, 0x000000008c400000|100%| E|CS|TAMS 0x000000008c300000, 0x000000008c300000| Complete 
| 142|0x000000008c400000, 0x000000008c500000, 0x000000008c500000|100%| E|CS|TAMS 0x000000008c400000, 0x000000008c400000| Complete 
| 143|0x000000008c500000, 0x000000008c600000, 0x000000008c600000|100%| E|CS|TAMS 0x000000008c500000, 0x000000008c500000| Complete 
| 144|0x000000008c600000, 0x000000008c700000, 0x000000008c700000|100%| E|CS|TAMS 0x000000008c600000, 0x000000008c600000| Complete 
| 145|0x000000008c700000, 0x000000008c800000, 0x000000008c800000|100%| E|CS|TAMS 0x000000008c700000, 0x000000008c700000| Complete 
| 146|0x000000008c800000, 0x000000008c900000, 0x000000008c900000|100%| E|CS|TAMS 0x000000008c800000, 0x000000008c800000| Complete 
| 147|0x000000008c900000, 0x000000008ca00000, 0x000000008ca00000|100%| E|CS|TAMS 0x000000008c900000, 0x000000008c900000| Complete 
| 148|0x000000008ca00000, 0x000000008cb00000, 0x000000008cb00000|100%| E|CS|TAMS 0x000000008ca00000, 0x000000008ca00000| Complete 
| 149|0x000000008cb00000, 0x000000008cc00000, 0x000000008cc00000|100%| E|CS|TAMS 0x000000008cb00000, 0x000000008cb00000| Complete 
| 150|0x000000008cc00000, 0x000000008cd00000, 0x000000008cd00000|100%| E|CS|TAMS 0x000000008cc00000, 0x000000008cc00000| Complete 
| 151|0x000000008cd00000, 0x000000008ce00000, 0x000000008ce00000|100%| E|CS|TAMS 0x000000008cd00000, 0x000000008cd00000| Complete 
| 152|0x000000008ce00000, 0x000000008cf00000, 0x000000008cf00000|100%| E|CS|TAMS 0x000000008ce00000, 0x000000008ce00000| Complete 
| 153|0x000000008cf00000, 0x000000008d000000, 0x000000008d000000|100%| E|CS|TAMS 0x000000008cf00000, 0x000000008cf00000| Complete 
| 154|0x000000008d000000, 0x000000008d100000, 0x000000008d100000|100%| E|CS|TAMS 0x000000008d000000, 0x000000008d000000| Complete 
| 155|0x000000008d100000, 0x000000008d200000, 0x000000008d200000|100%| E|CS|TAMS 0x000000008d100000, 0x000000008d100000| Complete 
| 156|0x000000008d200000, 0x000000008d300000, 0x000000008d300000|100%| E|CS|TAMS 0x000000008d200000, 0x000000008d200000| Complete 
| 157|0x000000008d300000, 0x000000008d400000, 0x000000008d400000|100%| E|CS|TAMS 0x000000008d300000, 0x000000008d300000| Complete 
| 158|0x000000008d400000, 0x000000008d500000, 0x000000008d500000|100%| E|CS|TAMS 0x000000008d400000, 0x000000008d400000| Complete 
| 159|0x000000008d500000, 0x000000008d600000, 0x000000008d600000|100%| E|CS|TAMS 0x000000008d500000, 0x000000008d500000| Complete 
| 160|0x000000008d600000, 0x000000008d700000, 0x000000008d700000|100%| E|CS|TAMS 0x000000008d600000, 0x000000008d600000| Complete 
| 161|0x000000008d700000, 0x000000008d800000, 0x000000008d800000|100%| E|CS|TAMS 0x000000008d700000, 0x000000008d700000| Complete 
| 162|0x000000008d800000, 0x000000008d900000, 0x000000008d900000|100%| E|CS|TAMS 0x000000008d800000, 0x000000008d800000| Complete 
| 163|0x000000008d900000, 0x000000008da00000, 0x000000008da00000|100%| E|CS|TAMS 0x000000008d900000, 0x000000008d900000| Complete 
| 164|0x000000008da00000, 0x000000008db00000, 0x000000008db00000|100%| E|CS|TAMS 0x000000008da00000, 0x000000008da00000| Complete 
| 165|0x000000008db00000, 0x000000008dc00000, 0x000000008dc00000|100%| E|CS|TAMS 0x000000008db00000, 0x000000008db00000| Complete 
| 166|0x000000008dc00000, 0x000000008dd00000, 0x000000008dd00000|100%| E|CS|TAMS 0x000000008dc00000, 0x000000008dc00000| Complete 
| 167|0x000000008dd00000, 0x000000008de00000, 0x000000008de00000|100%| E|CS|TAMS 0x000000008dd00000, 0x000000008dd00000| Complete 
| 168|0x000000008de00000, 0x000000008df00000, 0x000000008df00000|100%| E|CS|TAMS 0x000000008de00000, 0x000000008de00000| Complete 
| 169|0x000000008df00000, 0x000000008e000000, 0x000000008e000000|100%| E|CS|TAMS 0x000000008df00000, 0x000000008df00000| Complete 
| 170|0x000000008e000000, 0x000000008e100000, 0x000000008e100000|100%| E|CS|TAMS 0x000000008e000000, 0x000000008e000000| Complete 
| 171|0x000000008e100000, 0x000000008e200000, 0x000000008e200000|100%| E|CS|TAMS 0x000000008e100000, 0x000000008e100000| Complete 
| 172|0x000000008e200000, 0x000000008e300000, 0x000000008e300000|100%| E|CS|TAMS 0x000000008e200000, 0x000000008e200000| Complete 
| 173|0x000000008e300000, 0x000000008e400000, 0x000000008e400000|100%| E|CS|TAMS 0x000000008e300000, 0x000000008e300000| Complete 
| 174|0x000000008e400000, 0x000000008e500000, 0x000000008e500000|100%| E|CS|TAMS 0x000000008e400000, 0x000000008e400000| Complete 
| 175|0x000000008e500000, 0x000000008e600000, 0x000000008e600000|100%| E|CS|TAMS 0x000000008e500000, 0x000000008e500000| Complete 
| 176|0x000000008e600000, 0x000000008e700000, 0x000000008e700000|100%| E|CS|TAMS 0x000000008e600000, 0x000000008e600000| Complete 
| 177|0x000000008e700000, 0x000000008e800000, 0x000000008e800000|100%| E|CS|TAMS 0x000000008e700000, 0x000000008e700000| Complete 
| 178|0x000000008e800000, 0x000000008e900000, 0x000000008e900000|100%| E|CS|TAMS 0x000000008e800000, 0x000000008e800000| Complete 
| 179|0x000000008e900000, 0x000000008ea00000, 0x000000008ea00000|100%| E|CS|TAMS 0x000000008e900000, 0x000000008e900000| Complete 
| 180|0x000000008ea00000, 0x000000008eb00000, 0x000000008eb00000|100%| E|CS|TAMS 0x000000008ea00000, 0x000000008ea00000| Complete 
| 181|0x000000008eb00000, 0x000000008ec00000, 0x000000008ec00000|100%| E|CS|TAMS 0x000000008eb00000, 0x000000008eb00000| Complete 
| 182|0x000000008ec00000, 0x000000008ed00000, 0x000000008ed00000|100%| E|CS|TAMS 0x000000008ec00000, 0x000000008ec00000| Complete 
| 183|0x000000008ed00000, 0x000000008ee00000, 0x000000008ee00000|100%| E|CS|TAMS 0x000000008ed00000, 0x000000008ed00000| Complete 
| 184|0x000000008ee00000, 0x000000008ef00000, 0x000000008ef00000|100%| E|CS|TAMS 0x000000008ee00000, 0x000000008ee00000| Complete 
| 185|0x000000008ef00000, 0x000000008f000000, 0x000000008f000000|100%| E|CS|TAMS 0x000000008ef00000, 0x000000008ef00000| Complete 
| 186|0x000000008f000000, 0x000000008f100000, 0x000000008f100000|100%| E|CS|TAMS 0x000000008f000000, 0x000000008f000000| Complete 
| 187|0x000000008f100000, 0x000000008f200000, 0x000000008f200000|100%| E|CS|TAMS 0x000000008f100000, 0x000000008f100000| Complete 
| 188|0x000000008f200000, 0x000000008f300000, 0x000000008f300000|100%| E|CS|TAMS 0x000000008f200000, 0x000000008f200000| Complete 
| 189|0x000000008f300000, 0x000000008f400000, 0x000000008f400000|100%| E|CS|TAMS 0x000000008f300000, 0x000000008f300000| Complete 
| 190|0x000000008f400000, 0x000000008f500000, 0x000000008f500000|100%| E|CS|TAMS 0x000000008f400000, 0x000000008f400000| Complete 
| 191|0x000000008f500000, 0x000000008f600000, 0x000000008f600000|100%| E|CS|TAMS 0x000000008f500000, 0x000000008f500000| Complete 
| 192|0x000000008f600000, 0x000000008f700000, 0x000000008f700000|100%| E|CS|TAMS 0x000000008f600000, 0x000000008f600000| Complete 
| 193|0x000000008f700000, 0x000000008f800000, 0x000000008f800000|100%| E|CS|TAMS 0x000000008f700000, 0x000000008f700000| Complete 
| 194|0x000000008f800000, 0x000000008f900000, 0x000000008f900000|100%| E|CS|TAMS 0x000000008f800000, 0x000000008f800000| Complete 

Card table byte_map: [0x000001eeef5f0000,0x000001eeef9e0000] _byte_map_base: 0x000001eeef1d5000

Marking Bits (Prev, Next): (CMBitMap*) 0x000001eed6700780, (CMBitMap*) 0x000001eed6700740
 Prev Bits: [0x000001eef1d00000, 0x000001eef3c28000)
 Next Bits: [0x000001eeefdd0000, 0x000001eef1cf8000)

Polling page: 0x000001eed6760000

Metaspace:

Usage:
  Non-class:     79.22 MB used.
      Class:     12.55 MB used.
       Both:     91.77 MB used.

Virtual space:
  Non-class space:      128.00 MB reserved,      79.56 MB ( 62%) committed,  2 nodes.
      Class space:        1.00 GB reserved,      12.88 MB (  1%) committed,  1 nodes.
             Both:        1.12 GB reserved,      92.44 MB (  8%) committed. 

Chunk freelists:
   Non-Class:  15.59 MB
       Class:  2.97 MB
        Both:  18.56 MB

MaxMetaspaceSize: unlimited
CompressedClassSpaceSize: 1.00 GB
Initial GC threshold: 21.00 MB
Current GC threshold: 98.75 MB
CDS: on
MetaspaceReclaimPolicy: balanced
 - commit_granule_bytes: 65536.
 - commit_granule_words: 8192.
 - virtual_space_node_default_size: 8388608.
 - enlarge_chunks_in_place: 1.
 - new_chunks_are_fully_committed: 0.
 - uncommit_free_chunks: 1.
 - use_allocation_guard: 0.
 - handle_deallocations: 1.


Internal statistics:

num_allocs_failed_limit: 9.
num_arena_births: 928.
num_arena_deaths: 0.
num_vsnodes_births: 3.
num_vsnodes_deaths: 0.
num_space_committed: 1479.
num_space_uncommitted: 0.
num_chunks_returned_to_freelist: 9.
num_chunks_taken_from_freelist: 4411.
num_chunk_merges: 6.
num_chunk_splits: 3119.
num_chunks_enlarged: 2415.
num_inconsistent_stats: 0.

CodeHeap 'non-profiled nmethods': size=120000Kb used=7913Kb max_used=8910Kb free=112086Kb
 bounds [0x000001eee7260000, 0x000001eee7b20000, 0x000001eeee790000]
CodeHeap 'profiled nmethods': size=120000Kb used=15281Kb max_used=16799Kb free=104718Kb
 bounds [0x000001eedf790000, 0x000001eee0800000, 0x000001eee6cc0000]
CodeHeap 'non-nmethods': size=5760Kb used=1417Kb max_used=1468Kb free=4342Kb
 bounds [0x000001eee6cc0000, 0x000001eee6f30000, 0x000001eee7260000]
 total_blobs=9086 nmethods=8341 adapters=655
 compilation: enabled
              stopped_count=0, restarted_count=0
 full_count=0

Compilation events (20 events):
Event: 153.966 Thread 0x000001eef6870140 10679       3       java.util.concurrent.locks.AbstractQueuedSynchronizer::apparentlyFirstQueuedIsExclusive (38 bytes)
Event: 153.966 Thread 0x000001eef6870140 nmethod 10679 0x000001eedfaf9590 code [0x000001eedfaf9740, 0x000001eedfaf9ab8]
Event: 158.340 Thread 0x000001eef6870140 10680       3       java.util.concurrent.locks.LockSupport::parkNanos (29 bytes)
Event: 158.340 Thread 0x000001eef6870140 nmethod 10680 0x000001eee0279c10 code [0x000001eee0279de0, 0x000001eee0279fe8]
Event: 163.966 Thread 0x000001eef6870140 10681       3       java.util.concurrent.locks.ReentrantReadWriteLock::readLock (5 bytes)
Event: 163.967 Thread 0x000001eef6870140 nmethod 10681 0x000001eee0288e90 code [0x000001eee0289020, 0x000001eee0289158]
Event: 173.872 Thread 0x000001eef6405a60 10682       4       jdk.internal.misc.Unsafe::weakCompareAndSetInt (11 bytes)
Event: 173.873 Thread 0x000001eef6405a60 nmethod 10682 0x000001eee72c8a90 code [0x000001eee72c8c00, 0x000001eee72c8c98]
Event: 173.982 Thread 0x000001eef6870140 10683       3       java.util.HashMap::valuesToArray (81 bytes)
Event: 173.982 Thread 0x000001eef6870140 nmethod 10683 0x000001eedfcacd10 code [0x000001eedfcacee0, 0x000001eedfcad398]
Event: 173.982 Thread 0x000001eef6870140 10684       1       org.apache.catalina.valves.ValveBase::getNext (5 bytes)
Event: 173.983 Thread 0x000001eef6870140 nmethod 10684 0x000001eee73aaf10 code [0x000001eee73ab0a0, 0x000001eee73ab178]
Event: 175.336 Thread 0x000001eef6870140 10685       3       java.util.concurrent.ScheduledThreadPoolExecutor$ScheduledFutureTask::isPeriodic (15 bytes)
Event: 175.336 Thread 0x000001eef6870140 nmethod 10685 0x000001eee02e1d10 code [0x000001eee02e1ea0, 0x000001eee02e2018]
Event: 183.934 Thread 0x000001eef6870140 10686       3       java.util.Date::<init> (10 bytes)
Event: 183.934 Thread 0x000001eef6870140 nmethod 10686 0x000001eedfd19910 code [0x000001eedfd19aa0, 0x000001eedfd19c18]
Event: 187.342 Thread 0x000001eef6870140 10687       3       java.util.concurrent.locks.AbstractQueuedSynchronizer$ConditionObject::doSignal (54 bytes)
Event: 187.343 Thread 0x000001eef6870140 nmethod 10687 0x000001eedf7dce90 code [0x000001eedf7dd060, 0x000001eedf7dd418]
Event: 189.521 Thread 0x000001eef6405a60 10688 %     4       java.util.AbstractCollection::containsAll @ 7 (38 bytes)
Event: 196.334 Thread 0x000001eef6870140 10690       3       java.util.concurrent.locks.ReentrantLock::lockInterruptibly (8 bytes)

GC Heap History (20 events):
Event: 12.781 GC heap before
{Heap before GC invocations=18 (full 0):
 garbage-first heap   total 119808K, used 97276K [0x0000000083600000, 0x0000000100000000)
  region size 1024K, 45 young (46080K), 2 survivors (2048K)
 Metaspace       used 75262K, committed 75840K, reserved 1179648K
  class space    used 10092K, committed 10368K, reserved 1048576K
}
Event: 12.785 GC heap after
{Heap after GC invocations=19 (full 0):
 garbage-first heap   total 119808K, used 54616K [0x0000000083600000, 0x0000000100000000)
  region size 1024K, 4 young (4096K), 4 survivors (4096K)
 Metaspace       used 75262K, committed 75840K, reserved 1179648K
  class space    used 10092K, committed 10368K, reserved 1048576K
}
Event: 13.082 GC heap before
{Heap before GC invocations=19 (full 0):
 garbage-first heap   total 119808K, used 97624K [0x0000000083600000, 0x0000000100000000)
  region size 1024K, 46 young (47104K), 4 survivors (4096K)
 Metaspace       used 75764K, committed 76352K, reserved 1179648K
  class space    used 10147K, committed 10432K, reserved 1048576K
}
Event: 13.087 GC heap after
{Heap after GC invocations=20 (full 0):
 garbage-first heap   total 119808K, used 56132K [0x0000000083600000, 0x0000000100000000)
  region size 1024K, 4 young (4096K), 4 survivors (4096K)
 Metaspace       used 75764K, committed 76352K, reserved 1179648K
  class space    used 10147K, committed 10432K, reserved 1048576K
}
Event: 13.444 GC heap before
{Heap before GC invocations=20 (full 0):
 garbage-first heap   total 119808K, used 99140K [0x0000000083600000, 0x0000000100000000)
  region size 1024K, 46 young (47104K), 4 survivors (4096K)
 Metaspace       used 77227K, committed 77760K, reserved 1179648K
  class space    used 10352K, committed 10624K, reserved 1048576K
}
Event: 13.449 GC heap after
{Heap after GC invocations=21 (full 0):
 garbage-first heap   total 165888K, used 57370K [0x0000000083600000, 0x0000000100000000)
  region size 1024K, 5 young (5120K), 5 survivors (5120K)
 Metaspace       used 77227K, committed 77760K, reserved 1179648K
  class space    used 10352K, committed 10624K, reserved 1048576K
}
Event: 14.020 GC heap before
{Heap before GC invocations=21 (full 0):
 garbage-first heap   total 165888K, used 137242K [0x0000000083600000, 0x0000000100000000)
  region size 1024K, 83 young (84992K), 5 survivors (5120K)
 Metaspace       used 78402K, committed 78976K, reserved 1179648K
  class space    used 10512K, committed 10752K, reserved 1048576K
}
Event: 14.027 GC heap after
{Heap after GC invocations=22 (full 0):
 garbage-first heap   total 165888K, used 59504K [0x0000000083600000, 0x0000000100000000)
  region size 1024K, 7 young (7168K), 7 survivors (7168K)
 Metaspace       used 78402K, committed 78976K, reserved 1179648K
  class space    used 10512K, committed 10752K, reserved 1048576K
}
Event: 14.541 GC heap before
{Heap before GC invocations=22 (full 0):
 garbage-first heap   total 165888K, used 138352K [0x0000000083600000, 0x0000000100000000)
  region size 1024K, 84 young (86016K), 7 survivors (7168K)
 Metaspace       used 83050K, committed 83648K, reserved 1179648K
  class space    used 11345K, committed 11584K, reserved 1048576K
}
Event: 14.547 GC heap after
{Heap after GC invocations=23 (full 0):
 garbage-first heap   total 165888K, used 62473K [0x0000000083600000, 0x0000000100000000)
  region size 1024K, 8 young (8192K), 8 survivors (8192K)
 Metaspace       used 83050K, committed 83648K, reserved 1179648K
  class space    used 11345K, committed 11584K, reserved 1048576K
}
Event: 15.163 GC heap before
{Heap before GC invocations=23 (full 0):
 garbage-first heap   total 165888K, used 137225K [0x0000000083600000, 0x0000000100000000)
  region size 1024K, 82 young (83968K), 8 survivors (8192K)
 Metaspace       used 85762K, committed 86336K, reserved 1179648K
  class space    used 11725K, committed 11968K, reserved 1048576K
}
Event: 15.171 GC heap after
{Heap after GC invocations=24 (full 0):
 garbage-first heap   total 165888K, used 65830K [0x0000000083600000, 0x0000000100000000)
  region size 1024K, 9 young (9216K), 9 survivors (9216K)
 Metaspace       used 85762K, committed 86336K, reserved 1179648K
  class space    used 11725K, committed 11968K, reserved 1048576K
}
Event: 15.676 GC heap before
{Heap before GC invocations=24 (full 0):
 garbage-first heap   total 165888K, used 138534K [0x0000000083600000, 0x0000000100000000)
  region size 1024K, 80 young (81920K), 9 survivors (9216K)
 Metaspace       used 86968K, committed 87552K, reserved 1179648K
  class space    used 11892K, committed 12160K, reserved 1048576K
}
Event: 15.684 GC heap after
{Heap after GC invocations=25 (full 0):
 garbage-first heap   total 165888K, used 67679K [0x0000000083600000, 0x0000000100000000)
  region size 1024K, 6 young (6144K), 6 survivors (6144K)
 Metaspace       used 86968K, committed 87552K, reserved 1179648K
  class space    used 11892K, committed 12160K, reserved 1048576K
}
Event: 16.032 GC heap before
{Heap before GC invocations=25 (full 0):
 garbage-first heap   total 165888K, used 139359K [0x0000000083600000, 0x0000000100000000)
  region size 1024K, 76 young (77824K), 6 survivors (6144K)
 Metaspace       used 87528K, committed 88064K, reserved 1179648K
  class space    used 11986K, committed 12224K, reserved 1048576K
}
Event: 16.039 GC heap after
{Heap after GC invocations=26 (full 0):
 garbage-first heap   total 199680K, used 69113K [0x0000000083600000, 0x0000000100000000)
  region size 1024K, 7 young (7168K), 7 survivors (7168K)
 Metaspace       used 87528K, committed 88064K, reserved 1179648K
  class space    used 11986K, committed 12224K, reserved 1048576K
}
Event: 16.607 GC heap before
{Heap before GC invocations=26 (full 0):
 garbage-first heap   total 199680K, used 169465K [0x0000000083600000, 0x0000000100000000)
  region size 1024K, 105 young (107520K), 7 survivors (7168K)
 Metaspace       used 88890K, committed 89408K, reserved 1179648K
  class space    used 12185K, committed 12416K, reserved 1048576K
}
Event: 16.616 GC heap after
{Heap after GC invocations=27 (full 0):
 garbage-first heap   total 199680K, used 71884K [0x0000000083600000, 0x0000000100000000)
  region size 1024K, 10 young (10240K), 10 survivors (10240K)
 Metaspace       used 88890K, committed 89408K, reserved 1179648K
  class space    used 12185K, committed 12416K, reserved 1048576K
}
Event: 17.076 GC heap before
{Heap before GC invocations=27 (full 0):
 garbage-first heap   total 199680K, used 168140K [0x0000000083600000, 0x0000000100000000)
  region size 1024K, 104 young (106496K), 10 survivors (10240K)
 Metaspace       used 89842K, committed 90496K, reserved 1179648K
  class space    used 12312K, committed 12608K, reserved 1048576K
}
Event: 17.086 GC heap after
{Heap after GC invocations=28 (full 0):
 garbage-first heap   total 199680K, used 75246K [0x0000000083600000, 0x0000000100000000)
  region size 1024K, 11 young (11264K), 11 survivors (11264K)
 Metaspace       used 89842K, committed 90496K, reserved 1179648K
  class space    used 12312K, committed 12608K, reserved 1048576K
}

Deoptimization events (20 events):
Event: 29.698 Thread 0x000001eec4f71bf0 Uncommon trap: trap_request=0xffffffc6 fr.pc=0x000001eee7735ab4 relative=0x0000000000000274
Event: 29.698 Thread 0x000001eec4f71bf0 Uncommon trap: reason=bimorphic_or_optimized_type_check action=maybe_recompile pc=0x000001eee7735ab4 method=java.util.regex.Pattern$SliceI.match(Ljava/util/regex/Matcher;ILjava/lang/CharSequence;)Z @ 92 c2
Event: 29.698 Thread 0x000001eec4f71bf0 DEOPT PACKING pc=0x000001eee7735ab4 sp=0x0000000806dfca40
Event: 29.698 Thread 0x000001eec4f71bf0 DEOPT UNPACKING pc=0x000001eee6d15ba3 sp=0x0000000806dfc9c8 mode 2
Event: 29.698 Thread 0x000001eec4f71bf0 Uncommon trap: trap_request=0xffffff6e fr.pc=0x000001eee79f189c relative=0x000000000000017c
Event: 29.698 Thread 0x000001eec4f71bf0 Uncommon trap: reason=loop_limit_check action=maybe_recompile pc=0x000001eee79f189c method=java.util.regex.Pattern$Start.match(Ljava/util/regex/Matcher;ILjava/lang/CharSequence;)Z @ 34 c2
Event: 29.698 Thread 0x000001eec4f71bf0 DEOPT PACKING pc=0x000001eee79f189c sp=0x0000000806dfcb10
Event: 29.698 Thread 0x000001eec4f71bf0 DEOPT UNPACKING pc=0x000001eee6d15ba3 sp=0x0000000806dfcaa0 mode 2
Event: 29.701 Thread 0x000001eec4f71bf0 Uncommon trap: trap_request=0xffffff45 fr.pc=0x000001eee7734198 relative=0x00000000000001f8
Event: 29.701 Thread 0x000001eec4f71bf0 Uncommon trap: reason=unstable_if action=reinterpret pc=0x000001eee7734198 method=java.lang.String.indexOf(Ljava/lang/String;)I @ 10 c2
Event: 29.701 Thread 0x000001eec4f71bf0 DEOPT PACKING pc=0x000001eee7734198 sp=0x0000000806dfd310
Event: 29.701 Thread 0x000001eec4f71bf0 DEOPT UNPACKING pc=0x000001eee6d15ba3 sp=0x0000000806dfd248 mode 2
Event: 29.701 Thread 0x000001eec4f71bf0 Uncommon trap: trap_request=0xffffff45 fr.pc=0x000001eee7362ad0 relative=0x00000000000001d0
Event: 29.701 Thread 0x000001eec4f71bf0 Uncommon trap: reason=unstable_if action=reinterpret pc=0x000001eee7362ad0 method=java.lang.String.indexOf(Ljava/lang/String;)I @ 10 c2
Event: 29.701 Thread 0x000001eec4f71bf0 DEOPT PACKING pc=0x000001eee7362ad0 sp=0x0000000806dfd2b0
Event: 29.701 Thread 0x000001eec4f71bf0 DEOPT UNPACKING pc=0x000001eee6d15ba3 sp=0x0000000806dfd250 mode 2
Event: 29.713 Thread 0x000001eec4f71bf0 Uncommon trap: trap_request=0xffffff45 fr.pc=0x000001eee74f12e0 relative=0x0000000000000220
Event: 29.713 Thread 0x000001eec4f71bf0 Uncommon trap: reason=unstable_if action=reinterpret pc=0x000001eee74f12e0 method=org.springframework.util.AntPathMatcher.skipSegment(Ljava/lang/String;ILjava/lang/String;)I @ 60 c2
Event: 29.713 Thread 0x000001eec4f71bf0 DEOPT PACKING pc=0x000001eee74f12e0 sp=0x0000000806dfb8e0
Event: 29.713 Thread 0x000001eec4f71bf0 DEOPT UNPACKING pc=0x000001eee6d15ba3 sp=0x0000000806dfb868 mode 2

Classes unloaded (0 events):
No events

Classes redefined (0 events):
No events

Internal exceptions (20 events):
Event: 16.096 Thread 0x000001eefc9cea50 Exception <a 'java/lang/NoSuchMethodError'{0x000000008f15a1b0}: 'void java.lang.invoke.DirectMethodHandle$Holder.invokeVirtual(java.lang.Object, java.lang.Object, long)'> (0x000000008f15a1b0) 
thrown [s\open\src\hotspot\share\interpreter\linkResolver.cpp, line 759]
Event: 16.499 Thread 0x000001eefc9cea50 Exception <a 'java/lang/NoSuchMethodError'{0x000000008aa441b8}: 'java.lang.Object java.lang.invoke.DirectMethodHandle$Holder.invokeStatic(java.lang.Object, long, java.lang.Object)'> (0x000000008aa441b8) 
thrown [s\open\src\hotspot\share\interpreter\linkResolver.cpp, line 759]
Event: 16.500 Thread 0x000001eefc9cea50 Exception <a 'java/lang/NoSuchMethodError'{0x000000008aa4a248}: 'java.lang.Object java.lang.invoke.DirectMethodHandle$Holder.newInvokeSpecial(java.lang.Object, long)'> (0x000000008aa4a248) 
thrown [s\open\src\hotspot\share\interpreter\linkResolver.cpp, line 759]
Event: 16.501 Thread 0x000001eefc9cea50 Exception <a 'java/lang/IncompatibleClassChangeError'{0x000000008aa55ec8}: Found class java.lang.Object, but interface was expected> (0x000000008aa55ec8) 
thrown [s\open\src\hotspot\share\interpreter\linkResolver.cpp, line 826]
Event: 16.601 Thread 0x000001eefc9cea50 Exception <a 'java/lang/IncompatibleClassChangeError'{0x0000000089821258}: Found class java.lang.Object, but interface was expected> (0x0000000089821258) 
thrown [s\open\src\hotspot\share\interpreter\linkResolver.cpp, line 826]
Event: 16.969 Thread 0x000001eefc9cea50 Exception <a 'java/lang/NoSuchMethodError'{0x000000008ae90680}: 'double java.lang.invoke.DirectMethodHandle$Holder.invokeStatic(java.lang.Object, java.lang.Object)'> (0x000000008ae90680) 
thrown [s\open\src\hotspot\share\interpreter\linkResolver.cpp, line 759]
Event: 17.055 Thread 0x000001eefc9cea50 Implicit null exception at 0x000001eee72c8c99 to 0x000001eee72c8ecc
Event: 17.089 Thread 0x000001eefc9cea50 Exception <a 'java/lang/reflect/InvocationTargetException'{0x000000008f7d4e50}> (0x000000008f7d4e50) 
thrown [s\open\src\hotspot\share\runtime\reflection.cpp, line 1121]
Event: 17.102 Thread 0x000001eefb4465e0 Exception <a 'java/lang/NoSuchMethodError'{0x000000008f89f160}: 'long java.lang.invoke.DirectMethodHandle$Holder.invokeStatic(java.lang.Object, java.lang.Object, java.lang.Object)'> (0x000000008f89f160) 
thrown [s\open\src\hotspot\share\interpreter\linkResolver.cpp, line 759]
Event: 17.241 Thread 0x000001eefc9cea50 Exception <a 'java/lang/IncompatibleClassChangeError'{0x000000008d111518}: Found class java.lang.Object, but interface was expected> (0x000000008d111518) 
thrown [s\open\src\hotspot\share\interpreter\linkResolver.cpp, line 826]
Event: 17.273 Thread 0x000001eefc9cea50 Exception <a 'java/lang/NoSuchMethodError'{0x000000008cee5d10}: 'void java.lang.invoke.DirectMethodHandle$Holder.invokeStatic(java.lang.Object, java.lang.Object, double)'> (0x000000008cee5d10) 
thrown [s\open\src\hotspot\share\interpreter\linkResolver.cpp, line 759]
Event: 17.284 Thread 0x000001eefc9cea50 Exception <a 'java/lang/NoSuchMethodError'{0x000000008cd3bb98}: 'double java.lang.invoke.DirectMethodHandle$Holder.invokeStatic(java.lang.Object, java.lang.Object, java.lang.Object)'> (0x000000008cd3bb98) 
thrown [s\open\src\hotspot\share\interpreter\linkResolver.cpp, line 759]
Event: 17.299 Thread 0x000001eefc9cea50 Exception <a 'java/lang/IncompatibleClassChangeError'{0x000000008cdcbbc8}: Found class java.lang.Object, but interface was expected> (0x000000008cdcbbc8) 
thrown [s\open\src\hotspot\share\interpreter\linkResolver.cpp, line 826]
Event: 17.305 Thread 0x000001eefc9cea50 Exception <a 'java/lang/NoSuchMethodError'{0x000000008cdeee78}: 'java.lang.Object java.lang.invoke.DirectMethodHandle$Holder.invokeSpecial(java.lang.Object, java.lang.Object, int, java.lang.Object, int, java.lang.Object)'> (0x000000008cdeee78) 
thrown [s\open\src\hotspot\share\interpreter\linkResolver.cpp, line 759]
Event: 17.305 Thread 0x000001eefc9cea50 Exception <a 'java/lang/NoSuchMethodError'{0x000000008cdf6b28}: 'java.lang.Object java.lang.invoke.DirectMethodHandle$Holder.newInvokeSpecial(java.lang.Object, java.lang.Object, int, java.lang.Object, int)'> (0x000000008cdf6b28) 
thrown [s\open\src\hotspot\share\interpreter\linkResolver.cpp, line 759]
Event: 17.305 Thread 0x000001eefc9cea50 Exception <a 'java/lang/NoSuchMethodError'{0x000000008cdfabe0}: 'java.lang.Object java.lang.invoke.DirectMethodHandle$Holder.invokeSpecial(java.lang.Object, java.lang.Object, java.lang.Object, int, java.lang.Object, int)'> (0x000000008cdfabe0) 
thrown [s\open\src\hotspot\share\interpreter\linkResolver.cpp, line 759]
Event: 17.369 Thread 0x000001eefc9cea50 Exception <a 'java/lang/IncompatibleClassChangeError'{0x000000008c697018}: Found class java.lang.Object, but interface was expected> (0x000000008c697018) 
thrown [s\open\src\hotspot\share\interpreter\linkResolver.cpp, line 826]
Event: 17.405 Thread 0x000001eefc9cea50 Implicit null exception at 0x000001eee745ae79 to 0x000001eee745b02c
Event: 29.649 Thread 0x000001eec4f70cc0 Exception <a 'java/lang/NoSuchMethodError'{0x000000008c1f53e8}: 'java.lang.Object java.lang.invoke.DirectMethodHandle$Holder.invokeSpecial(java.lang.Object, java.lang.Object, java.lang.Object, java.lang.Object, java.lang.Object, long)'> (0x000000008c1f53e8) 
thrown [s\open\src\hotspot\share\interpreter\linkResolver.cpp, line 759]
Event: 29.649 Thread 0x000001eec4f70cc0 Exception <a 'java/lang/NoSuchMethodError'{0x000000008c1f8de0}: 'java.lang.Object java.lang.invoke.Invokers$Holder.linkToTargetMethod(java.lang.Object, java.lang.Object, java.lang.Object, long, java.lang.Object)'> (0x000000008c1f8de0) 
thrown [s\open\src\hotspot\share\interpreter\linkResolver.cpp, line 759]

VM Operations (20 events):
Event: 29.733 Executing VM operation: HandshakeAllThreads
Event: 29.733 Executing VM operation: HandshakeAllThreads done
Event: 30.744 Executing VM operation: Cleanup
Event: 30.744 Executing VM operation: Cleanup done
Event: 31.159 Executing VM operation: HandshakeAllThreads
Event: 31.159 Executing VM operation: HandshakeAllThreads done
Event: 34.197 Executing VM operation: Cleanup
Event: 34.197 Executing VM operation: Cleanup done
Event: 41.278 Executing VM operation: Cleanup
Event: 41.279 Executing VM operation: Cleanup done
Event: 60.241 Executing VM operation: HandshakeAllThreads
Event: 60.242 Executing VM operation: HandshakeAllThreads done
Event: 73.350 Executing VM operation: Cleanup
Event: 73.350 Executing VM operation: Cleanup done
Event: 134.022 Executing VM operation: Cleanup
Event: 134.022 Executing VM operation: Cleanup done
Event: 147.148 Executing VM operation: Cleanup
Event: 147.149 Executing VM operation: Cleanup done
Event: 154.232 Executing VM operation: Cleanup
Event: 154.232 Executing VM operation: Cleanup done

Events (20 events):
Event: 31.169 Thread 0x000001eef64070b0 flushing nmethod 0x000001eee0651390
Event: 31.169 Thread 0x000001eef64070b0 flushing nmethod 0x000001eee0657310
Event: 31.169 Thread 0x000001eef64070b0 flushing nmethod 0x000001eee0657990
Event: 31.169 Thread 0x000001eef64070b0 flushing nmethod 0x000001eee065e110
Event: 31.169 Thread 0x000001eef64070b0 flushing nmethod 0x000001eee0668090
Event: 31.169 Thread 0x000001eef64070b0 flushing nmethod 0x000001eee0673390
Event: 31.169 Thread 0x000001eef64070b0 flushing nmethod 0x000001eee0677290
Event: 31.169 Thread 0x000001eef64070b0 flushing nmethod 0x000001eee0686390
Event: 31.169 Thread 0x000001eef64070b0 flushing nmethod 0x000001eee068ae90
Event: 31.169 Thread 0x000001eef64070b0 flushing nmethod 0x000001eee069ae10
Event: 31.169 Thread 0x000001eef64070b0 flushing nmethod 0x000001eee069fd90
Event: 31.169 Thread 0x000001eef64070b0 flushing nmethod 0x000001eee06d0b10
Event: 31.169 Thread 0x000001eef64070b0 flushing nmethod 0x000001eee0703390
Event: 31.170 Thread 0x000001eef64070b0 flushing nmethod 0x000001eee0786310
Event: 31.170 Thread 0x000001eef64070b0 flushing nmethod 0x000001eee078fe90
Event: 31.170 Thread 0x000001eef64070b0 flushing nmethod 0x000001eee07a4690
Event: 31.170 Thread 0x000001eef64070b0 flushing nmethod 0x000001eee07cd990
Event: 31.170 Thread 0x000001eef64070b0 flushing nmethod 0x000001eee07cdf90
Event: 31.170 Thread 0x000001eef64070b0 flushing nmethod 0x000001eee07d5490
Event: 31.170 Thread 0x000001eef64070b0 flushing nmethod 0x000001eee07dde90


Dynamic libraries:
0x00007ff7ab170000 - 0x00007ff7ab180000 	C:\Program Files\Java\jdk-17\bin\java.exe
0x00007ffdc3980000 - 0x00007ffdc3be9000 	C:\WINDOWS\SYSTEM32\ntdll.dll
0x00007ffdc33a0000 - 0x00007ffdc3469000 	C:\WINDOWS\System32\KERNEL32.DLL
0x00007ffdc0fe0000 - 0x00007ffdc13d3000 	C:\WINDOWS\System32\KERNELBASE.dll
0x00007ffdc0e60000 - 0x00007ffdc0fab000 	C:\WINDOWS\System32\ucrtbase.dll
0x00007ffda64b0000 - 0x00007ffda64c9000 	C:\Program Files\Java\jdk-17\bin\jli.dll
0x00007ffda6490000 - 0x00007ffda64ab000 	C:\Program Files\Java\jdk-17\bin\VCRUNTIME140.dll
0x00007ffdc3100000 - 0x00007ffdc31b4000 	C:\WINDOWS\System32\ADVAPI32.dll
0x00007ffdc2230000 - 0x00007ffdc22d9000 	C:\WINDOWS\System32\msvcrt.dll
0x00007ffdc3040000 - 0x00007ffdc30e6000 	C:\WINDOWS\System32\sechost.dll
0x00007ffdc22e0000 - 0x00007ffdc23f8000 	C:\WINDOWS\System32\RPCRT4.dll
0x00007ffdc1b80000 - 0x00007ffdc1d44000 	C:\WINDOWS\System32\USER32.dll
0x00007ffda4200000 - 0x00007ffda4493000 	C:\WINDOWS\WinSxS\amd64_microsoft.windows.common-controls_6595b64144ccf1df_6.0.26100.5074_none_3e0d6f78e32fd63f\COMCTL32.dll
0x00007ffdc0fb0000 - 0x00007ffdc0fd7000 	C:\WINDOWS\System32\win32u.dll
0x00007ffdc3810000 - 0x00007ffdc383b000 	C:\WINDOWS\System32\GDI32.dll
0x00007ffdc0b10000 - 0x00007ffdc0c3d000 	C:\WINDOWS\System32\gdi32full.dll
0x00007ffdc0c40000 - 0x00007ffdc0ce3000 	C:\WINDOWS\System32\msvcp_win.dll
0x00007ffdacec0000 - 0x00007ffdacecb000 	C:\WINDOWS\SYSTEM32\VERSION.dll
0x00007ffdc2ef0000 - 0x00007ffdc2f1f000 	C:\WINDOWS\System32\IMM32.DLL
0x00007ffdae6c0000 - 0x00007ffdae6cc000 	C:\Program Files\Java\jdk-17\bin\vcruntime140_1.dll
0x00007ffd86260000 - 0x00007ffd862ee000 	C:\Program Files\Java\jdk-17\bin\msvcp140.dll
0x00007ffd2fe40000 - 0x00007ffd30a20000 	C:\Program Files\Java\jdk-17\bin\server\jvm.dll
0x00007ffdc2ec0000 - 0x00007ffdc2ec8000 	C:\WINDOWS\System32\PSAPI.DLL
0x00007ffdb7a60000 - 0x00007ffdb7a95000 	C:\WINDOWS\SYSTEM32\WINMM.dll
0x00007ffd97400000 - 0x00007ffd9740a000 	C:\WINDOWS\SYSTEM32\WSOCK32.dll
0x00007ffdc2b50000 - 0x00007ffdc2bc4000 	C:\WINDOWS\System32\WS2_32.dll
0x00007ffdbf8f0000 - 0x00007ffdbf90b000 	C:\WINDOWS\SYSTEM32\kernel.appcore.dll
0x00007ffda9d30000 - 0x00007ffda9d3a000 	C:\Program Files\Java\jdk-17\bin\jimage.dll
0x00007ffdbdff0000 - 0x00007ffdbe232000 	C:\WINDOWS\SYSTEM32\DBGHELP.DLL
0x00007ffdc1750000 - 0x00007ffdc1acb000 	C:\WINDOWS\System32\combase.dll
0x00007ffdc2bd0000 - 0x00007ffdc2ca7000 	C:\WINDOWS\System32\OLEAUT32.dll
0x00007ffd98620000 - 0x00007ffd9865d000 	C:\WINDOWS\SYSTEM32\dbgcore.DLL
0x00007ffdc1560000 - 0x00007ffdc15f9000 	C:\WINDOWS\System32\bcryptPrimitives.dll
0x00007ffda91d0000 - 0x00007ffda91de000 	C:\Program Files\Java\jdk-17\bin\instrument.dll
0x00007ffd93e70000 - 0x00007ffd93e95000 	C:\Program Files\Java\jdk-17\bin\java.dll
0x00007ffd78370000 - 0x00007ffd78447000 	C:\Program Files\Java\jdk-17\bin\jsvml.dll
0x00007ffdc2400000 - 0x00007ffdc2b4d000 	C:\WINDOWS\System32\SHELL32.dll
0x00007ffdc0cf0000 - 0x00007ffdc0e5c000 	C:\WINDOWS\System32\wintypes.dll
0x00007ffdbe750000 - 0x00007ffdbefa9000 	C:\WINDOWS\SYSTEM32\windows.storage.dll
0x00007ffdc3840000 - 0x00007ffdc3930000 	C:\WINDOWS\System32\SHCORE.dll
0x00007ffdc3470000 - 0x00007ffdc34d2000 	C:\WINDOWS\System32\shlwapi.dll
0x00007ffdc0a30000 - 0x00007ffdc0a59000 	C:\WINDOWS\SYSTEM32\profapi.dll
0x00007ffd8e9b0000 - 0x00007ffd8e9c8000 	C:\Program Files\Java\jdk-17\bin\zip.dll
0x00007ffd91ee0000 - 0x00007ffd91ef9000 	C:\Program Files\Java\jdk-17\bin\net.dll
0x00007ffdb7930000 - 0x00007ffdb7a4f000 	C:\WINDOWS\SYSTEM32\WINHTTP.dll
0x00007ffdbfe70000 - 0x00007ffdbfedb000 	C:\WINDOWS\system32\mswsock.dll
0x00007ffd903f0000 - 0x00007ffd90406000 	C:\Program Files\Java\jdk-17\bin\nio.dll
0x00007ffd8d190000 - 0x00007ffd8d1aa000 	C:\Program Files\JetBrains\IntelliJ IDEA Community Edition 2023.2\bin\breakgen64.dll
0x00007ffd9c5b0000 - 0x00007ffd9c5be000 	C:\Program Files\Java\jdk-17\bin\sunmscapi.dll
0x00007ffdc13e0000 - 0x00007ffdc1557000 	C:\WINDOWS\System32\CRYPT32.dll
0x00007ffdc02b0000 - 0x00007ffdc02e0000 	C:\WINDOWS\SYSTEM32\ncrypt.dll
0x00007ffdc0260000 - 0x00007ffdc029f000 	C:\WINDOWS\SYSTEM32\NTASN1.dll
0x00007ffda6770000 - 0x00007ffda677a000 	C:\Program Files\Java\jdk-17\bin\management.dll
0x00007ffda6580000 - 0x00007ffda658b000 	C:\Program Files\Java\jdk-17\bin\management_ext.dll
0x00007ffdbfa10000 - 0x00007ffdbfa46000 	C:\WINDOWS\SYSTEM32\ntmarta.dll
0x00007ffdc0110000 - 0x00007ffdc012b000 	C:\WINDOWS\SYSTEM32\CRYPTSP.dll
0x00007ffdbf850000 - 0x00007ffdbf88b000 	C:\WINDOWS\system32\rsaenh.dll
0x00007ffdbff10000 - 0x00007ffdbff3b000 	C:\WINDOWS\SYSTEM32\USERENV.dll
0x00007ffdc0a00000 - 0x00007ffdc0a26000 	C:\WINDOWS\SYSTEM32\bcrypt.dll
0x00007ffdc0130000 - 0x00007ffdc013c000 	C:\WINDOWS\SYSTEM32\CRYPTBASE.dll
0x00007ffdbf3a0000 - 0x00007ffdbf3d4000 	C:\WINDOWS\SYSTEM32\IPHLPAPI.DLL
0x00007ffdc30f0000 - 0x00007ffdc30fa000 	C:\WINDOWS\System32\NSI.dll
0x00007ffdb94f0000 - 0x00007ffdb950e000 	C:\WINDOWS\SYSTEM32\dhcpcsvc6.DLL
0x00007ffdb93d0000 - 0x00007ffdb93f3000 	C:\WINDOWS\SYSTEM32\dhcpcsvc.DLL
0x00007ffdbf3e0000 - 0x00007ffdbf506000 	C:\WINDOWS\SYSTEM32\DNSAPI.dll
0x00007ffda67a0000 - 0x00007ffda67b0000 	C:\Program Files\Java\jdk-17\bin\verify.dll
0x00007ffdad5b0000 - 0x00007ffdad5bb000 	C:\Windows\System32\rasadhlp.dll
0x00007ffdba110000 - 0x00007ffdba196000 	C:\WINDOWS\System32\fwpuclnt.dll
0x00007ffda99e0000 - 0x00007ffda99e8000 	C:\WINDOWS\system32\wshunix.dll

dbghelp: loaded successfully - version: 4.0.5 - missing functions: none
symbol engine: initialized successfully - sym options: 0x614 - pdb path: .;C:\Program Files\Java\jdk-17\bin;C:\WINDOWS\SYSTEM32;C:\WINDOWS\WinSxS\amd64_microsoft.windows.common-controls_6595b64144ccf1df_6.0.26100.5074_none_3e0d6f78e32fd63f;C:\Program Files\Java\jdk-17\bin\server;C:\Program Files\JetBrains\IntelliJ IDEA Community Edition 2023.2\bin

VM Arguments:
jvm_args: -javaagent:C:\Program Files\JetBrains\IntelliJ IDEA Community Edition 2023.2\lib\idea_rt.jar=53512:C:\Program Files\JetBrains\IntelliJ IDEA Community Edition 2023.2\bin -Dfile.encoding=UTF-8 
java_command: com.spring.jwt.JwtWithSpringSecurityApplication
java_class_path (initial): D:\gt\KharidoBecho\target\classes;C:\Users\sudhi\.m2\repository\org\springframework\boot\spring-boot-starter-data-jpa\3.2.2\spring-boot-starter-data-jpa-3.2.2.jar;C:\Users\sudhi\.m2\repository\org\springframework\boot\spring-boot-starter-aop\3.2.2\spring-boot-starter-aop-3.2.2.jar;C:\Users\sudhi\.m2\repository\org\aspectj\aspectjweaver\1.9.21\aspectjweaver-1.9.21.jar;C:\Users\sudhi\.m2\repository\org\springframework\boot\spring-boot-starter-jdbc\3.2.2\spring-boot-starter-jdbc-3.2.2.jar;C:\Users\sudhi\.m2\repository\com\zaxxer\HikariCP\5.0.1\HikariCP-5.0.1.jar;C:\Users\sudhi\.m2\repository\org\springframework\spring-jdbc\6.1.3\spring-jdbc-6.1.3.jar;C:\Users\sudhi\.m2\repository\org\hibernate\orm\hibernate-core\6.4.1.Final\hibernate-core-6.4.1.Final.jar;C:\Users\sudhi\.m2\repository\jakarta\persistence\jakarta.persistence-api\3.1.0\jakarta.persistence-api-3.1.0.jar;C:\Users\sudhi\.m2\repository\jakarta\transaction\jakarta.transaction-api\2.0.1\jakarta.transaction-api-2.0.1.jar;C:\Users\sudhi\.m2\repository\org\jboss\logging\jboss-logging\3.5.3.Final\jboss-logging-3.5.3.Final.jar;C:\Users\sudhi\.m2\repository\org\hibernate\common\hibernate-commons-annotations\6.0.6.Final\hibernate-commons-annotations-6.0.6.Final.jar;C:\Users\sudhi\.m2\repository\io\smallrye\jandex\3.1.2\jandex-3.1.2.jar;C:\Users\sudhi\.m2\repository\com\fasterxml\classmate\1.6.0\classmate-1.6.0.jar;C:\Users\sudhi\.m2\repository\org\glassfish\jaxb\jaxb-runtime\4.0.4\jaxb-runtime-4.0.4.jar;C:\Users\sudhi\.m2\repository\org\glassfish\jaxb\jaxb-core\4.0.4\jaxb-core-4.0.4.jar;C:\Users\sudhi\.m2\repository\org\glassfish\jaxb\txw2\4.0.4\txw2-4.0.4.jar;C:\Users\sudhi\.m2\repository\com\sun\istack\istack-commons-runtime\4.1.2\istack-commons-runtime-4.1.2.jar;C:\Users\sudhi\.m2\repository\jakarta\inject\jakarta.inject-api\2.0.1\jakarta.inject-api-2.0.1.jar;C:\Users\sudhi\.m2\repository\org\antlr\antlr4-runtime\4.13.0\antlr4-runtime-4.13.0.jar;C:\Users\sudhi\.m2\repository\org\springf
Launcher Type: SUN_STANDARD

[Global flags]
     intx CICompilerCount                          = 4                                         {product} {ergonomic}
     uint ConcGCThreads                            = 2                                         {product} {ergonomic}
     uint G1ConcRefinementThreads                  = 8                                         {product} {ergonomic}
   size_t G1HeapRegionSize                         = 1048576                                   {product} {ergonomic}
    uintx GCDrainStackTargetSize                   = 64                                        {product} {ergonomic}
   size_t InitialHeapSize                          = 132120576                                 {product} {ergonomic}
   size_t MarkStackSize                            = 4194304                                   {product} {ergonomic}
   size_t MaxHeapSize                              = 2090860544                                {product} {ergonomic}
   size_t MaxNewSize                               = 1254096896                                {product} {ergonomic}
   size_t MinHeapDeltaBytes                        = 1048576                                   {product} {ergonomic}
   size_t MinHeapSize                              = 8388608                                   {product} {ergonomic}
    uintx NonNMethodCodeHeapSize                   = 5839372                                {pd product} {ergonomic}
    uintx NonProfiledCodeHeapSize                  = 122909434                              {pd product} {ergonomic}
    uintx ProfiledCodeHeapSize                     = 122909434                              {pd product} {ergonomic}
    uintx ReservedCodeCacheSize                    = 251658240                              {pd product} {ergonomic}
     bool SegmentedCodeCache                       = true                                      {product} {ergonomic}
   size_t SoftMaxHeapSize                          = 2090860544                             {manageable} {ergonomic}
     bool UseCompressedClassPointers               = true                           {product lp64_product} {ergonomic}
     bool UseCompressedOops                        = true                           {product lp64_product} {ergonomic}
     bool UseG1GC                                  = true                                      {product} {ergonomic}
     bool UseLargePagesIndividualAllocation        = false                                  {pd product} {ergonomic}

Logging:
Log output configuration:
 #0: stdout all=warning uptime,level,tags
 #1: stderr all=off uptime,level,tags

Environment Variables:
JAVA_HOME=C:\Program Files\Java\jdk-17
PATH=C:\Users\sudhi\Downloads\WINDOWS.X64_193000_db_home\bin;C:\Program Files (x86)\VMware\VMware Workstation\bin\;C:\Windows\system32;C:\Windows;C:\Windows\System32\Wbem;C:\Windows\System32\WindowsPowerShell\v1.0\;C:\Windows\System32\OpenSSH\;C:\Program Files (x86)\NVIDIA Corporation\PhysX\Common;C:\Program Files\NVIDIA Corporation\NVIDIA NvDLISR;C:\MinGW\bin;C:\Program Files\dotnet\;C:\WINDOWS\system32;C:\WINDOWS;C:\WINDOWS\System32\Wbem;C:\WINDOWS\System32\WindowsPowerShell\v1.0\;C:\WINDOWS\System32\OpenSSH\;C:\Program Files\Common Files\Oracle\Java\javapath;C:\Program Files\Git\cmd;C:\Program Files\nodejs\;C:\Program Files\MySQL\MySQL Server 8.0\bin;C:\xampp\php;C:\Program Files\Docker\Docker\resources\bin;C:\Program Files\Java\jdk-19\bin;C:\Program Files\Java\jdk-17\bin;C:\Program Files\MySQL\MySQL Shell 8.0\bin\;C:\Users\sudhi\AppData\Local\Programs\Python\Python311\Scripts\;C:\Users\sudhi\AppData\Local\Programs\Python\Python311\;C:\Users\sudhi\AppData\Local\Microsoft\WindowsApps;C:\Users\sudhi\AppData\Local\Programs\Microsoft VS Code\bin;C:\MinGW\bin;C:\Users\sudhi\.dotnet\tools;C:\Users\sudhi\AppData\Roaming\npm;C:\Users\sudhi\AppData\Local\GitHubDesktop\bin;
USERNAME=sudhi
OS=Windows_NT
PROCESSOR_IDENTIFIER=Intel64 Family 6 Model 140 Stepping 2, GenuineIntel



---------------  S Y S T E M  ---------------

OS:
 Windows 11 , 64 bit Build 26100 (10.0.26100.5074)
OS uptime: 0 days 3:00 hours
Hyper-V role detected

CPU: total 8 (initial active 8) (4 cores per cpu, 2 threads per core) family 6 model 140 stepping 2 microcode 0x16, cx8, cmov, fxsr, ht, mmx, 3dnowpref, sse, sse2, sse3, ssse3, sse4.1, sse4.2, popcnt, lzcnt, tsc, tscinvbit, avx, avx2, aes, erms, clmul, bmi1, bmi2, adx, avx512f, avx512dq, avx512cd, avx512bw, avx512vl, sha, fma, vzeroupper, avx512_vpopcntdq, avx512_vpclmulqdq, avx512_vaes, avx512_vnni, clflush, clflushopt, clwb, avx512_vbmi2, avx512_vbmi, hv

Memory: 4k page, system-wide physical 7975M (568M free)
TotalPageFile size 32551M (AvailPageFile size 0M)
current process WorkingSet (physical memory assigned to process): 62M, peak: 471M
current process commit charge ("private bytes"): 452M, peak: 514M

vm_info: Java HotSpot(TM) 64-Bit Server VM (17.0.12+8-LTS-286) for windows-amd64 JRE (17.0.12+8-LTS-286), built on Jun  5 2024 06:46:59 by "mach5one" with MS VC++ 17.6 (VS2022)

END.
